<?xml version="1.0" encoding="UTF-8"?>
<!-- Generated by org.testng.reporters.JUnitReportReporter -->
<testsuite hostname="DESKTOP-G538VT1" failures="0" tests="1" name="org.login.Sample" time="13.545" errors="0" timestamp="28 Mar 2024 10:51:01 GMT" skipped="0">
  <testcase classname="org.login.Sample" name="tc01" time="13.545"/>
</testsuite> <!-- org.login.Sample -->
