<?xml version="1.0" encoding="UTF-8"?>
<!-- Generated by org.testng.reporters.JUnitReportReporter -->
<testsuite hostname="DESKTOP-G538VT1" failures="0" tests="1" name="org.login.Sample" time="27.838" errors="0" timestamp="29 Mar 2024 12:17:58 GMT" skipped="0">
  <testcase classname="org.login.Sample" name="tc01" time="27.838"/>
</testsuite> <!-- org.login.Sample -->
